# Running on crimv3mgpu018
# Started at Sun Jun 12 06:07:27 +03 2022
# SLURMD_NODENAME=crimv3mgpu018
# SLURM_ARRAY_JOB_ID=7067866
# SLURM_ARRAY_TASK_COUNT=10
# SLURM_ARRAY_TASK_ID=7
# SLURM_ARRAY_TASK_MAX=10
# SLURM_ARRAY_TASK_MIN=1
# SLURM_ARRAY_TASK_STEP=1
# SLURM_CHECKPOINT_IMAGE_DIR=/var/slurm/checkpoint
# SLURM_CLUSTER_NAME=slurm_cluster
# SLURM_CPUS_ON_NODE=2
# SLURM_GTIDS=0
# SLURM_JOBID=7067873
# SLURM_JOB_ACCOUNT=qcri
# SLURM_JOB_CPUS_PER_NODE=2
# SLURM_JOB_GID=1980764952
# SLURM_JOB_ID=7067873
# SLURM_JOB_NAME=out.sh
# SLURM_JOB_NODELIST=crimv3mgpu018
# SLURM_JOB_NUM_NODES=1
# SLURM_JOB_PARTITION=gpu-all
# SLURM_JOB_QOS=gpulimit
# SLURM_JOB_UID=1980764877
# SLURM_JOB_USER=ahussein
# SLURM_LOCALID=0
# SLURM_MEM_PER_CPU=4096
# SLURM_NNODES=1
# SLURM_NODEID=0
# SLURM_NODELIST=crimv3mgpu018
# SLURM_NODE_ALIASES='(null)'
# SLURM_NPROCS=1
# SLURM_NTASKS=1
# SLURM_NTASKS_PER_NODE=1
# SLURM_OPEN_MODE=a
# SLURM_PRIO_PROCESS=0
# SLURM_PROCID=0
# SLURM_SUBMIT_DIR=/home/local/QCRI/ahussein/slurm_tutorials
# SLURM_SUBMIT_HOST=cribrighthead001
# SLURM_TASKS_PER_NODE=1
# SLURM_TASK_PID=108789
# SLURM_TOPOLOGY_ADDR=crimv3mgpu018
# SLURM_TOPOLOGY_ADDR_PATTERN=node
# SLURM_WORKING_CLUSTER=slurm_cluster:master:6817:8448
# ./transcript_cleaning.py exp/out.7 False exp/out_clean.7 
# Accounting: begin_time=1655003247
# Accounting: end_time=1655003253
# Accounting: time=6 threads=1
# Finished at Sun Jun 12 06:07:33 +03 2022 with status 0
